<?xml version="1.0" encoding="UTF-8"?>
<testng-results skipped="0" failed="1" total="1" passed="0">
  <reporter-output>
  </reporter-output>
  <suite name="Default suite" duration-ms="385" started-at="2017-06-30T02:21:36Z" finished-at="2017-06-30T02:21:36Z">
    <groups>
    </groups>
    <test name="Default test" duration-ms="385" started-at="2017-06-30T02:21:36Z" finished-at="2017-06-30T02:21:36Z">
      <class name="ApiTest.Apiclass.NasaTest">
        <test-method status="FAIL" signature="testApiData()[pri:0, instance:ApiTest.Apiclass.NasaTest@59fa1d9b]" name="testApiData" duration-ms="356" started-at="2017-06-29T22:21:36Z" finished-at="2017-06-29T22:21:36Z">
          <exception class="org.codehaus.jackson.map.exc.UnrecognizedPropertyException">
            <message>
              <![CDATA[Unrecognized field "last_modified" (Class ApiTest.Apiclass.Results), not marked as ignorable
 at [Source: C:\Users\samsung\Desktop\p\Apiclass\TestData\APIJSON.json; line: 10, column: 27] (through reference chain: ApiTest.Apiclass.Info["results"]->ApiTest.Apiclass.Results["last_modified"])]]>
            </message>
            <full-stacktrace>
              <![CDATA[org.codehaus.jackson.map.exc.UnrecognizedPropertyException: Unrecognized field "last_modified" (Class ApiTest.Apiclass.Results), not marked as ignorable
 at [Source: C:\Users\samsung\Desktop\p\Apiclass\TestData\APIJSON.json; line: 10, column: 27] (through reference chain: ApiTest.Apiclass.Info["results"]->ApiTest.Apiclass.Results["last_modified"])
	at org.codehaus.jackson.map.exc.UnrecognizedPropertyException.from(UnrecognizedPropertyException.java:53)
	at org.codehaus.jackson.map.deser.StdDeserializationContext.unknownFieldException(StdDeserializationContext.java:267)
	at org.codehaus.jackson.map.deser.std.StdDeserializer.reportUnknownProperty(StdDeserializer.java:673)
	at org.codehaus.jackson.map.deser.std.StdDeserializer.handleUnknownProperty(StdDeserializer.java:659)
	at org.codehaus.jackson.map.deser.BeanDeserializer.handleUnknownProperty(BeanDeserializer.java:1365)
	at org.codehaus.jackson.map.deser.BeanDeserializer._handleUnknown(BeanDeserializer.java:725)
	at org.codehaus.jackson.map.deser.BeanDeserializer.deserializeFromObject(BeanDeserializer.java:703)
	at org.codehaus.jackson.map.deser.BeanDeserializer.deserialize(BeanDeserializer.java:580)
	at org.codehaus.jackson.map.deser.std.CollectionDeserializer.deserialize(CollectionDeserializer.java:217)
	at org.codehaus.jackson.map.deser.std.CollectionDeserializer.deserialize(CollectionDeserializer.java:194)
	at org.codehaus.jackson.map.deser.std.CollectionDeserializer.deserialize(CollectionDeserializer.java:30)
	at org.codehaus.jackson.map.deser.SettableBeanProperty.deserialize(SettableBeanProperty.java:299)
	at org.codehaus.jackson.map.deser.SettableBeanProperty$FieldProperty.deserializeAndSet(SettableBeanProperty.java:579)
	at org.codehaus.jackson.map.deser.BeanDeserializer.deserializeFromObject(BeanDeserializer.java:697)
	at org.codehaus.jackson.map.deser.BeanDeserializer.deserialize(BeanDeserializer.java:580)
	at org.codehaus.jackson.map.ObjectMapper._readMapAndClose(ObjectMapper.java:2732)
	at org.codehaus.jackson.map.ObjectMapper.readValue(ObjectMapper.java:1817)
	at ApiTest.Apiclass.NasaTest.testApiData(NasaTest.java:28)
	at sun.reflect.NativeMethodAccessorImpl.invoke0(Native Method)
	at sun.reflect.NativeMethodAccessorImpl.invoke(Unknown Source)
	at sun.reflect.DelegatingMethodAccessorImpl.invoke(Unknown Source)
	at java.lang.reflect.Method.invoke(Unknown Source)
	at org.testng.internal.MethodInvocationHelper.invokeMethod(MethodInvocationHelper.java:80)
	at org.testng.internal.Invoker.invokeMethod(Invoker.java:714)
	at org.testng.internal.Invoker.invokeTestMethod(Invoker.java:901)
	at org.testng.internal.Invoker.invokeTestMethods(Invoker.java:1231)
	at org.testng.internal.TestMethodWorker.invokeTestMethods(TestMethodWorker.java:127)
	at org.testng.internal.TestMethodWorker.run(TestMethodWorker.java:111)
	at org.testng.TestRunner.privateRun(TestRunner.java:767)
	at org.testng.TestRunner.run(TestRunner.java:617)
	at org.testng.SuiteRunner.runTest(SuiteRunner.java:334)
	at org.testng.SuiteRunner.runSequentially(SuiteRunner.java:329)
	at org.testng.SuiteRunner.privateRun(SuiteRunner.java:291)
	at org.testng.SuiteRunner.run(SuiteRunner.java:240)
	at org.testng.SuiteRunnerWorker.runSuite(SuiteRunnerWorker.java:52)
	at org.testng.SuiteRunnerWorker.run(SuiteRunnerWorker.java:86)
	at org.testng.TestNG.runSuitesSequentially(TestNG.java:1198)
	at org.testng.TestNG.runSuitesLocally(TestNG.java:1123)
	at org.testng.TestNG.run(TestNG.java:1031)
	at org.testng.remote.AbstractRemoteTestNG.run(AbstractRemoteTestNG.java:132)
	at org.testng.remote.RemoteTestNG.initAndRun(RemoteTestNG.java:230)
	at org.testng.remote.RemoteTestNG.main(RemoteTestNG.java:76)
]]>
            </full-stacktrace>
          </exception> <!-- org.codehaus.jackson.map.exc.UnrecognizedPropertyException -->
          <reporter-output>
          </reporter-output>
        </test-method> <!-- testApiData -->
      </class> <!-- ApiTest.Apiclass.NasaTest -->
    </test> <!-- Default test -->
  </suite> <!-- Default suite -->
</testng-results>
